e:\dropbox\code\c++\brickbuster\brickbuster\debug\vc141.pdb
e:\dropbox\code\c++\brickbuster\brickbuster\debug\vc141.idb
e:\dropbox\code\c++\brickbuster\brickbuster\debug\mediacache.obj
e:\dropbox\code\c++\brickbuster\brickbuster\debug\levelselector.obj
e:\dropbox\code\c++\brickbuster\brickbuster\debug\leveleditor.obj
e:\dropbox\code\c++\brickbuster\brickbuster\debug\level.obj
e:\dropbox\code\c++\brickbuster\brickbuster\debug\inputcomponent.obj
e:\dropbox\code\c++\brickbuster\brickbuster\debug\imagecache.obj
e:\dropbox\code\c++\brickbuster\brickbuster\debug\graphicscomponent.obj
e:\dropbox\code\c++\brickbuster\brickbuster\debug\gametexture.obj
e:\dropbox\code\c++\brickbuster\brickbuster\debug\gameobject.obj
e:\dropbox\code\c++\brickbuster\brickbuster\debug\fontcache.obj
e:\dropbox\code\c++\brickbuster\brickbuster\debug\engine.obj
e:\dropbox\code\c++\brickbuster\brickbuster\debug\collisionengine.obj
e:\dropbox\code\c++\brickbuster\brickbuster\debug\brickscore.obj
e:\dropbox\code\c++\brickbuster\brickbuster\debug\brickmanager.obj
e:\dropbox\code\c++\brickbuster\brickbuster\debug\brickloader.obj
e:\dropbox\code\c++\brickbuster\brickbuster\debug\brickcolour.obj
e:\dropbox\code\c++\brickbuster\brickbuster\debug\brick.obj
e:\dropbox\code\c++\brickbuster\brickbuster\debug\bat.obj
e:\dropbox\code\c++\brickbuster\brickbuster\debug\ball.obj
e:\dropbox\code\c++\brickbuster\brickbuster\debug\audiocache.obj
e:\dropbox\code\c++\brickbuster\brickbuster\debug\main.obj
e:\dropbox\code\c++\brickbuster\brickbuster\debug\vectors.obj
e:\dropbox\code\c++\brickbuster\brickbuster\debug\title.obj
e:\dropbox\code\c++\brickbuster\brickbuster\debug\timer.obj
e:\dropbox\code\c++\brickbuster\brickbuster\debug\textcache.obj
e:\dropbox\code\c++\brickbuster\brickbuster\debug\statemachine.obj
e:\dropbox\code\c++\brickbuster\brickbuster\debug\powerup.obj
d:\dropbox\code\c++\brickbuster\debug\brickbuster.exe
d:\dropbox\code\c++\brickbuster\debug\brickbuster.ilk
d:\dropbox\code\c++\brickbuster\debug\brickbuster.pdb
e:\dropbox\code\c++\brickbuster\debug\brickbuster.exe
e:\dropbox\code\c++\brickbuster\debug\brickbuster.ilk
e:\dropbox\code\c++\brickbuster\debug\brickbuster.pdb
d:\dropbox\code\c++\brickbuster\brickbuster\debug\audiocache.obj
d:\dropbox\code\c++\brickbuster\brickbuster\debug\ball.obj
d:\dropbox\code\c++\brickbuster\brickbuster\debug\bat.obj
d:\dropbox\code\c++\brickbuster\brickbuster\debug\brick.obj
d:\dropbox\code\c++\brickbuster\brickbuster\debug\brickcolour.obj
d:\dropbox\code\c++\brickbuster\brickbuster\debug\brickloader.obj
d:\dropbox\code\c++\brickbuster\brickbuster\debug\brickmanager.obj
d:\dropbox\code\c++\brickbuster\brickbuster\debug\brickscore.obj
d:\dropbox\code\c++\brickbuster\brickbuster\debug\collisionengine.obj
d:\dropbox\code\c++\brickbuster\brickbuster\debug\engine.obj
d:\dropbox\code\c++\brickbuster\brickbuster\debug\fontcache.obj
d:\dropbox\code\c++\brickbuster\brickbuster\debug\gameobject.obj
d:\dropbox\code\c++\brickbuster\brickbuster\debug\gametexture.obj
d:\dropbox\code\c++\brickbuster\brickbuster\debug\graphicscomponent.obj
d:\dropbox\code\c++\brickbuster\brickbuster\debug\imagecache.obj
d:\dropbox\code\c++\brickbuster\brickbuster\debug\inputcomponent.obj
d:\dropbox\code\c++\brickbuster\brickbuster\debug\level.obj
d:\dropbox\code\c++\brickbuster\brickbuster\debug\leveleditor.obj
d:\dropbox\code\c++\brickbuster\brickbuster\debug\levelselector.obj
d:\dropbox\code\c++\brickbuster\brickbuster\debug\main.obj
d:\dropbox\code\c++\brickbuster\brickbuster\debug\mediacache.obj
d:\dropbox\code\c++\brickbuster\brickbuster\debug\powerup.obj
d:\dropbox\code\c++\brickbuster\brickbuster\debug\statemachine.obj
d:\dropbox\code\c++\brickbuster\brickbuster\debug\textcache.obj
d:\dropbox\code\c++\brickbuster\brickbuster\debug\timer.obj
d:\dropbox\code\c++\brickbuster\brickbuster\debug\title.obj
d:\dropbox\code\c++\brickbuster\brickbuster\debug\vectors.obj
d:\dropbox\code\c++\brickbuster\brickbuster\debug\vc141.idb
d:\dropbox\code\c++\brickbuster\brickbuster\debug\vc141.pdb
d:\dropbox\code\c++\brickbuster\brickbuster\debug\brickbuster.tlog\cl.command.1.tlog
d:\dropbox\code\c++\brickbuster\brickbuster\debug\brickbuster.tlog\cl.read.1.tlog
d:\dropbox\code\c++\brickbuster\brickbuster\debug\brickbuster.tlog\cl.write.1.tlog
d:\dropbox\code\c++\brickbuster\brickbuster\debug\brickbuster.tlog\link.command.1.tlog
d:\dropbox\code\c++\brickbuster\brickbuster\debug\brickbuster.tlog\link.read.1.tlog
d:\dropbox\code\c++\brickbuster\brickbuster\debug\brickbuster.tlog\link.write.1.tlog
